<?xml version="1.0" encoding="UTF-8"?>
<testsuites name="jest tests" tests="16" failures="0" errors="0" time="2.114">
  <testsuite name="Debug Routes - Health Check" errors="0" failures="0" skipped="0" timestamp="2025-11-22T19:19:32" time="1.969" tests="16">
    <testcase classname="Debug Routes - Health Check" name="GET /api/debug/health should return OK status" time="0.072">
    </testcase>
    <testcase classname="Debug Routes - Log Generation" name="GET /api/debug/log should generate logs successfully" time="0.015">
    </testcase>
    <testcase classname="Debug Routes - Log Generation" name="GET /api/debug/log/multiple should generate multiple logs" time="0.015">
    </testcase>
    <testcase classname="Debug Routes - HTTP Errors" name="GET /api/debug/error/bad-request should return 400 error" time="0.007">
    </testcase>
    <testcase classname="Debug Routes - HTTP Errors" name="GET /api/debug/error/not-found should return 404 error" time="0.007">
    </testcase>
    <testcase classname="Debug Routes - HTTP Errors" name="GET /api/debug/error/server-error should return 500 error" time="0.006">
    </testcase>
    <testcase classname="Debug Routes - JavaScript Errors" name="GET /api/debug/error/type-error should return TypeError" time="0.027">
    </testcase>
    <testcase classname="Debug Routes - JavaScript Errors" name="GET /api/debug/error/reference-error should return ReferenceError" time="0.011">
    </testcase>
    <testcase classname="Debug Routes - JavaScript Errors" name="GET /api/debug/error/async should handle async error" time="0.113">
    </testcase>
    <testcase classname="Debug Routes - Database Errors" name="GET /api/debug/error/database should return database error" time="0.016">
    </testcase>
    <testcase classname="Debug Routes - Custom Errors" name="GET /api/debug/error/custom should return custom error with default context" time="0.008">
    </testcase>
    <testcase classname="Debug Routes - Custom Errors" name="GET /api/debug/error/custom with query params should return custom error with provided context" time="0.007">
    </testcase>
    <testcase classname="Debug Routes - Uncaught Exceptions" name="GET /api/debug/error/uncaught should trigger uncaught exception" time="0.006">
    </testcase>
    <testcase classname="Debug Routes - Sentry Integration" name="Log endpoint should call Sentry.captureMessage" time="0.011">
    </testcase>
    <testcase classname="Debug Routes - Sentry Integration" name="Error endpoints should call Sentry.captureException" time="0.013">
    </testcase>
    <testcase classname="Debug Routes - Sentry Integration" name="Custom error endpoint should call Sentry.captureException with context" time="0.006">
    </testcase>
  </testsuite>
</testsuites>